     1 00000000                                 ; haribote-ipl
     2 00000000                                 ; TAB=4
     3  = 0000000A                              CYLS	EQU		10			; ?迄?‾?迄??????CYLS=10
     4                                          		ORG 	0x7c00 		; ???‾??????℅∼??????
     5 00007C00                                 		
     6 00007C00                                 ; ??????㊣那℅?FAT12?????赤??℅“?????迆????????C0-H0-S1
     7 00007C00 EB 4D                           		JMP		entry		; 0xeb, 0x4e
     8 00007C02 90                              		DB		0x90		
     9 00007C03 48 61 72 69 62 6F 74 65         		DB		"Haribote"	; ????????????
    10 00007C0B 0200                            		DW		512			; ???????????車??
    11 00007C0D 01                              		DB		1			; ?????車??
    12 00007C0E 0001                            		DW		1			; FAT??????????
    13 00007C10 02                              		DB		2			; FAT??????
    14 00007C11 00E0                            		DW		224			; ?迄???????車??
    15 00007C13 0B40                            		DW		2880		; ?????車??
    16 00007C15 F0                              		DB		0xf0		; ?????????角
    17 00007C16 0009                            		DW		9			; FAT ???∟??
    18 00007C18 0012                            		DW		18			; 1????????????????
    19 00007C1A 0002                            		DW		2			; ??????
    20 00007C1C 00000000                        		DD		0			; ??????????
    21 00007C20 00000B40                        		DD		2880		; ?????????????車??
    22 00007C24 00 00 29                        		DB		0,0,0x29	; ???????‾?????“
    23 00007C27 FFFFFFFF                        		DD		0xffffffff	; ???????赤㊣那????
    24 00007C2B 48 41 52 49 42 4F 54 45 4F 53   		DB		"HARIBOTEOS"; ??????????
    25 00007C35 46 41 54 31 32 20 20 20         		DB		"FAT12   "	; ????????????
    26 00007C3D 00 00 00 00 00 00 00 00 00 00   		RESB	18		; ??????18℅???
       00007C47 00 00 00 00 00 00 00 00 
    27 00007C4F                                 
    28 00007C4F                                 ; ?????‾??
    29 00007C4F                                 ; ????????C0-H0-S2 ?? C9-H1-S18, 512 * 17 +512 * 18 + 1024 * 9 * 18 = 183808 bytes ℅∼??????????0x8200 ~ 0xa3ff??
    30 00007C4F                                 entry:
    31 00007C4F B8 0000                         		MOV		AX,0		;???????????‾
    32 00007C52 8E D0                           		MOV		SS,AX
    33 00007C54 BC 7C00                         		MOV		SP,0x7c00
    34 00007C57 8E D8                           		MOV		DS,AX 
    35 00007C59                                 
    36 00007C59                                 ; ?????? CH/CL/DH/DL ??㊣????迄?????????????????????‾
    37 00007C59 B8 0820                         		MOV 	AX,0x0820
    38 00007C5C 8E C0                           		MOV 	ES,AX
    39 00007C5E BB 0000                         		MOV		BX,0		; ???“?????????? [ES:BX] = ES*16+BX
    40 00007C61                                 		
    41 00007C61 B5 00                           		MOV		CH,0		; ?迄??0
    42 00007C63 B6 00                           		MOV		DH,0		; ????0
    43 00007C65 B1 02                           		MOV		CL,2		; ????2
    44 00007C67                                 readloop:
    45 00007C67 BE 0000                         		MOV		SI,0		; ?????∫∼????????????‾
    46 00007C6A                                 retry:		
    47 00007C6A B2 00                           		MOV		DL,0x00		; ???????????‾
    48 00007C6C B4 02                           		MOV		AH,0x02		; AH=0x02 : ????????
    49 00007C6E B0 01                           		MOV		AL,1		; 1??????			
    50 00007C70 CD 13                           		INT		0x13		; ?‾??????BIOS
    51 00007C72 73 10                           		JNC		next		; ???????赤??℅???next
    52 00007C74 83 C6 01                        		ADD		SI,1		; ?迄SI??1
    53 00007C77 83 FE 05                        		CMP		SI,5		; SI??5㊣???
    54 00007C7A 73 32                           		JAE		error		; SI >= 5 ?????赤?車
    55 00007C7C B4 00                           		MOV		AH,0x00         
    56 00007C7E B2 00                           		MOV		DL,0x00		; A?????‾
    57 00007C80 CD 13                           		INT		0x13		; ?‾??????BIOS
    58 00007C82 EB E6                           		JMP		retry
    59 00007C84                                 
    60 00007C84                                 next:
    61 00007C84 8C C0                           		MOV 	AX,ES		;∼??????????車??0x200,??????????????
    62 00007C86 05 0020                         		ADD 	AX,0x0020
    63 00007C89 8E C0                           		MOV 	ES,AX		; ????????ADD ES, 0x20????????????????????
    64 00007C8B 80 C1 01                        		ADD 	CL,1		;???????迄??
    65 00007C8E 80 F9 12                        		CMP		CL,18		; ㊣???CL??18
    66 00007C91 76 D4                           		JBE		readloop	;18???迄?????????????????????那????????
    67 00007C93 B1 01                           		MOV 	CL,1
    68 00007C95 80 C6 01                        		ADD		DH,1
    69 00007C98 80 FE 02                        		CMP		DH,2
    70 00007C9B 72 CA                           		JB		readloop    ; ????2??????㊣????迄???????????????????????那??????㊣???2??????
    71 00007C9D B6 00                           		MOV		DH,0
    72 00007C9F 80 C5 01                        		ADD		CH,1
    73 00007CA2 80 FD 0A                        		CMP		CH,CYLS
    74 00007CA5 72 C0                           		JB		readloop	
    75 00007CA7                                 ; ?㊣???那?????車????CPU????℅???
    76 00007CA7                                 
    77 00007CA7                                 ; ???那????????????haribote.sys??????
    78 00007CA7 88 2E 0FF0                      		MOV		[0x0ff0],CH
    79 00007CAB E9 4552                         		JMP		0xc200
    80 00007CAE                                 
    81 00007CAE                                 error:
    82 00007CAE BE 7CC5                         		MOV		SI,msg
    83 00007CB1                                 putloop:
    84 00007CB1 8A 04                           		MOV 	AL,[SI]
    85 00007CB3 83 C6 01                        		ADD 	SI,1		; ??SI??1
    86 00007CB6 3C 00                           		CMP		AL,0
    87 00007CB8                                 		
    88 00007CB8 0F 84 8344                      		JE		fin
      >> [ERROR #012] expression error.
    89 00007CBC B4 0E                           		MOV		AH,0x0e		; ??????????℅?
    90 00007CBE BB 000F                         		MOV		BX,15		; ???“℅???????
    91 00007CC1 CD 10                           		INT		0x10		; ?‾?????“BIOS
    92 00007CC3 EB EC                           		JMP		putloop
    93 00007CC5                                 msg:
    94 00007CC5 0A 0A                           		DB		0x0a, 0x0a	; ????
    95 00007CC7 6C 6F 61 64 20 65 72 72 6F 72   		DB		"load error"
    96 00007CD1 0A                              		DB		0x0a		; ????
    97 00007CD2 00                              		DB		0
    98 00007CD3 00 00 00 00 00 00 00 00 00 00   		RESB		0x7dfe-$; ????0x00???㊣??0x7dfe
       00007CDD 00 00 00 00 00 00 00 00 00 00 
       00007CE7 00 00 00 00 00 00 00 00 00 00 
       00007CF1 00 00 00 00 00 00 00 00 00 00 
       00007CFB 00 00 00 00 00 00 00 00 00 00 
       00007D05 00 00 00 00 00 00 00 00 00 00 
       00007D0F 00 00 00 00 00 00 00 00 00 00 
       00007D19 00 00 00 00 00 00 00 00 00 00 
       00007D23 00 00 00 00 00 00 00 00 00 00 
       00007D2D 00 00 00 00 00 00 00 00 00 00 
       00007D37 00 00 00 00 00 00 00 00 00 00 
       00007D41 00 00 00 00 00 00 00 00 00 00 
       00007D4B 00 00 00 00 00 00 00 00 00 00 
       00007D55 00 00 00 00 00 00 00 00 00 00 
       00007D5F 00 00 00 00 00 00 00 00 00 00 
       00007D69 00 00 00 00 00 00 00 00 00 00 
       00007D73 00 00 00 00 00 00 00 00 00 00 
       00007D7D 00 00 00 00 00 00 00 00 00 00 
       00007D87 00 00 00 00 00 00 00 00 00 00 
       00007D91 00 00 00 00 00 00 00 00 00 00 
       00007D9B 00 00 00 00 00 00 00 00 00 00 
       00007DA5 00 00 00 00 00 00 00 00 00 00 
       00007DAF 00 00 00 00 00 00 00 00 00 00 
       00007DB9 00 00 00 00 00 00 00 00 00 00 
       00007DC3 00 00 00 00 00 00 00 00 00 00 
       00007DCD 00 00 00 00 00 00 00 00 00 00 
       00007DD7 00 00 00 00 00 00 00 00 00 00 
       00007DE1 00 00 00 00 00 00 00 00 00 00 
       00007DEB 00 00 00 00 00 00 00 00 00 00 
       00007DF5 00 00 00 00 00 00 00 00 00 
    99 00007DFE                                 
   100 00007DFE 55 AA                           		DB		0x55, 0xaa
